{"C:\\sbanco\\knexfile.js": {"path":"C:\\sbanco\\knexfile.js","statementMap":{"0":{"start":{"line":1,"column":0},"end":{"line":31,"column":2}}},"fnMap":{},"branchMap":{},"s":{"0":7},"f":{},"b":{},"_coverageSchema":"332fd63041d2c1bcb487cc26dd0d5f7d97098a6c","hash":"7c1b66eb015c6868fc16d2722ec62858f072d484"}
,"C:\\sbanco\\src\\app.js": {"path":"C:\\sbanco\\src\\app.js","statementMap":{"0":{"start":{"line":1,"column":12},"end":{"line":1,"column":32}},"1":{"start":{"line":2,"column":16},"end":{"line":2,"column":34}},"2":{"start":{"line":3,"column":13},"end":{"line":3,"column":28}},"3":{"start":{"line":4,"column":16},"end":{"line":4,"column":34}},"4":{"start":{"line":5,"column":13},"end":{"line":5,"column":30}},"5":{"start":{"line":7,"column":17},"end":{"line":7,"column":39}},"6":{"start":{"line":9,"column":0},"end":{"line":9,"column":46}},"7":{"start":{"line":11,"column":0},"end":{"line":26,"column":3}},"8":{"start":{"line":28,"column":0},"end":{"line":28,"column":34}},"9":{"start":{"line":30,"column":0},"end":{"line":36,"column":13}},"10":{"start":{"line":38,"column":0},"end":{"line":40,"column":3}},"11":{"start":{"line":39,"column":2},"end":{"line":39,"column":25}},"12":{"start":{"line":42,"column":0},"end":{"line":54,"column":3}},"13":{"start":{"line":43,"column":35},"end":{"line":43,"column":38}},"14":{"start":{"line":44,"column":2},"end":{"line":52,"column":3}},"15":{"start":{"line":44,"column":35},"end":{"line":44,"column":76}},"16":{"start":{"line":45,"column":7},"end":{"line":52,"column":3}},"17":{"start":{"line":46,"column":4},"end":{"line":46,"column":45}},"18":{"start":{"line":48,"column":15},"end":{"line":48,"column":21}},"19":{"start":{"line":50,"column":4},"end":{"line":50,"column":48}},"20":{"start":{"line":51,"column":4},"end":{"line":51,"column":57}},"21":{"start":{"line":53,"column":2},"end":{"line":53,"column":12}},"22":{"start":{"line":68,"column":0},"end":{"line":68,"column":21}}},"fnMap":{"0":{"name":"(anonymous_0)","decl":{"start":{"line":38,"column":13},"end":{"line":38,"column":14}},"loc":{"start":{"line":38,"column":27},"end":{"line":40,"column":1}},"line":38},"1":{"name":"(anonymous_1)","decl":{"start":{"line":42,"column":8},"end":{"line":42,"column":9}},"loc":{"start":{"line":42,"column":33},"end":{"line":54,"column":1}},"line":42}},"branchMap":{"0":{"loc":{"start":{"line":44,"column":2},"end":{"line":52,"column":3}},"type":"if","locations":[{"start":{"line":44,"column":2},"end":{"line":52,"column":3}},{"start":{"line":44,"column":2},"end":{"line":52,"column":3}}],"line":44},"1":{"loc":{"start":{"line":45,"column":7},"end":{"line":52,"column":3}},"type":"if","locations":[{"start":{"line":45,"column":7},"end":{"line":52,"column":3}},{"start":{"line":45,"column":7},"end":{"line":52,"column":3}}],"line":45}},"s":{"0":7,"1":7,"2":7,"3":7,"4":7,"5":7,"6":7,"7":7,"8":7,"9":7,"10":7,"11":1,"12":7,"13":34,"14":34,"15":29,"16":5,"17":5,"18":0,"19":0,"20":0,"21":34,"22":7},"f":{"0":1,"1":34},"b":{"0":[29,5],"1":[5,0]},"_coverageSchema":"332fd63041d2c1bcb487cc26dd0d5f7d97098a6c","hash":"5b95f51cb1acb527aa21851ec39d3e084015773d"}
,"C:\\sbanco\\src\\config\\middlewares.js": {"path":"C:\\sbanco\\src\\config\\middlewares.js","statementMap":{"0":{"start":{"line":1,"column":19},"end":{"line":1,"column":41}},"1":{"start":{"line":3,"column":13},"end":{"line":3,"column":28}},"2":{"start":{"line":5,"column":0},"end":{"line":9,"column":2}},"3":{"start":{"line":6,"column":2},"end":{"line":6,"column":29}},"4":{"start":{"line":8,"column":2},"end":{"line":8,"column":33}}},"fnMap":{"0":{"name":"(anonymous_0)","decl":{"start":{"line":5,"column":17},"end":{"line":5,"column":18}},"loc":{"start":{"line":5,"column":24},"end":{"line":9,"column":1}},"line":5}},"branchMap":{},"s":{"0":7,"1":7,"2":7,"3":7,"4":7},"f":{"0":7},"b":{},"_coverageSchema":"332fd63041d2c1bcb487cc26dd0d5f7d97098a6c","hash":"eeb48b10bee29942e6801802ffdd240e4987a260"}
,"C:\\sbanco\\src\\config\\passport.js": {"path":"C:\\sbanco\\src\\config\\passport.js","statementMap":{"0":{"start":{"line":1,"column":17},"end":{"line":1,"column":36}},"1":{"start":{"line":2,"column":20},"end":{"line":2,"column":43}},"2":{"start":{"line":4,"column":15},"end":{"line":4,"column":25}},"3":{"start":{"line":6,"column":33},"end":{"line":6,"column":44}},"4":{"start":{"line":8,"column":0},"end":{"line":29,"column":2}},"5":{"start":{"line":9,"column":17},"end":{"line":12,"column":3}},"6":{"start":{"line":14,"column":19},"end":{"line":22,"column":4}},"7":{"start":{"line":15,"column":4},"end":{"line":21,"column":38}},"8":{"start":{"line":18,"column":8},"end":{"line":19,"column":31}},"9":{"start":{"line":18,"column":18},"end":{"line":18,"column":45}},"10":{"start":{"line":19,"column":13},"end":{"line":19,"column":31}},"11":{"start":{"line":21,"column":20},"end":{"line":21,"column":36}},"12":{"start":{"line":24,"column":2},"end":{"line":24,"column":25}},"13":{"start":{"line":26,"column":2},"end":{"line":28,"column":4}},"14":{"start":{"line":27,"column":24},"end":{"line":27,"column":72}}},"fnMap":{"0":{"name":"(anonymous_0)","decl":{"start":{"line":8,"column":17},"end":{"line":8,"column":18}},"loc":{"start":{"line":8,"column":24},"end":{"line":29,"column":1}},"line":8},"1":{"name":"(anonymous_1)","decl":{"start":{"line":14,"column":40},"end":{"line":14,"column":41}},"loc":{"start":{"line":14,"column":59},"end":{"line":22,"column":3}},"line":14},"2":{"name":"(anonymous_2)","decl":{"start":{"line":17,"column":12},"end":{"line":17,"column":13}},"loc":{"start":{"line":17,"column":20},"end":{"line":20,"column":7}},"line":17},"3":{"name":"(anonymous_3)","decl":{"start":{"line":21,"column":13},"end":{"line":21,"column":14}},"loc":{"start":{"line":21,"column":20},"end":{"line":21,"column":36}},"line":21},"4":{"name":"(anonymous_4)","decl":{"start":{"line":27,"column":18},"end":{"line":27,"column":19}},"loc":{"start":{"line":27,"column":24},"end":{"line":27,"column":72}},"line":27}},"branchMap":{"0":{"loc":{"start":{"line":18,"column":8},"end":{"line":19,"column":31}},"type":"if","locations":[{"start":{"line":18,"column":8},"end":{"line":19,"column":31}},{"start":{"line":18,"column":8},"end":{"line":19,"column":31}}],"line":18}},"s":{"0":7,"1":7,"2":7,"3":7,"4":7,"5":7,"6":7,"7":71,"8":71,"9":71,"10":0,"11":0,"12":7,"13":7,"14":7},"f":{"0":7,"1":71,"2":71,"3":0,"4":7},"b":{"0":[71,0]},"_coverageSchema":"332fd63041d2c1bcb487cc26dd0d5f7d97098a6c","hash":"5a9f0deec748e49677ae7abc163cc1e5c39b065b"}
,"C:\\sbanco\\src\\config\\router.js": {"path":"C:\\sbanco\\src\\config\\router.js","statementMap":{"0":{"start":{"line":1,"column":16},"end":{"line":1,"column":34}},"1":{"start":{"line":3,"column":0},"end":{"line":14,"column":2}},"2":{"start":{"line":4,"column":2},"end":{"line":4,"column":36}},"3":{"start":{"line":5,"column":26},"end":{"line":5,"column":42}},"4":{"start":{"line":7,"column":2},"end":{"line":7,"column":50}},"5":{"start":{"line":8,"column":2},"end":{"line":8,"column":56}},"6":{"start":{"line":9,"column":2},"end":{"line":9,"column":64}},"7":{"start":{"line":10,"column":2},"end":{"line":10,"column":58}},"8":{"start":{"line":11,"column":2},"end":{"line":11,"column":54}},"9":{"start":{"line":13,"column":2},"end":{"line":13,"column":70}}},"fnMap":{"0":{"name":"(anonymous_0)","decl":{"start":{"line":3,"column":17},"end":{"line":3,"column":18}},"loc":{"start":{"line":3,"column":24},"end":{"line":14,"column":1}},"line":3}},"branchMap":{},"s":{"0":7,"1":7,"2":7,"3":7,"4":7,"5":7,"6":7,"7":7,"8":7,"9":7},"f":{"0":7},"b":{},"_coverageSchema":"332fd63041d2c1bcb487cc26dd0d5f7d97098a6c","hash":"d3446b5c9297db1f6bd3aa7191365fd291aa0853"}
,"C:\\sbanco\\src\\errors\\RecursoIndevidoError.js": {"path":"C:\\sbanco\\src\\errors\\RecursoIndevidoError.js","statementMap":{"0":{"start":{"line":1,"column":0},"end":{"line":6,"column":2}},"1":{"start":{"line":4,"column":2},"end":{"line":4,"column":37}},"2":{"start":{"line":5,"column":2},"end":{"line":5,"column":25}}},"fnMap":{"0":{"name":"RecursoIndevidoError","decl":{"start":{"line":1,"column":26},"end":{"line":1,"column":46}},"loc":{"start":{"line":3,"column":2},"end":{"line":6,"column":1}},"line":3}},"branchMap":{"0":{"loc":{"start":{"line":2,"column":2},"end":{"line":2,"column":50}},"type":"default-arg","locations":[{"start":{"line":2,"column":12},"end":{"line":2,"column":50}}],"line":2}},"s":{"0":7,"1":5,"2":5},"f":{"0":5},"b":{"0":[5]},"_coverageSchema":"332fd63041d2c1bcb487cc26dd0d5f7d97098a6c","hash":"8be7e967f2ae254ee9ad1361d2a73b80f0edf8fc"}
,"C:\\sbanco\\src\\errors\\ValidationError.js": {"path":"C:\\sbanco\\src\\errors\\ValidationError.js","statementMap":{"0":{"start":{"line":1,"column":0},"end":{"line":4,"column":2}},"1":{"start":{"line":2,"column":2},"end":{"line":2,"column":33}},"2":{"start":{"line":3,"column":2},"end":{"line":3,"column":25}}},"fnMap":{"0":{"name":"ValidationError","decl":{"start":{"line":1,"column":26},"end":{"line":1,"column":41}},"loc":{"start":{"line":1,"column":51},"end":{"line":4,"column":1}},"line":1}},"branchMap":{},"s":{"0":7,"1":29,"2":29},"f":{"0":29},"b":{},"_coverageSchema":"332fd63041d2c1bcb487cc26dd0d5f7d97098a6c","hash":"444df46c14efdf9fb89239f8e372252bab2eac40"}
,"C:\\sbanco\\src\\routes\\accounts.js": {"path":"C:\\sbanco\\src\\routes\\accounts.js","statementMap":{"0":{"start":{"line":1,"column":16},"end":{"line":1,"column":34}},"1":{"start":{"line":2,"column":29},"end":{"line":2,"column":70}},"2":{"start":{"line":4,"column":0},"end":{"line":55,"column":2}},"3":{"start":{"line":5,"column":17},"end":{"line":5,"column":33}},"4":{"start":{"line":7,"column":2},"end":{"line":15,"column":5}},"5":{"start":{"line":8,"column":4},"end":{"line":14,"column":31}},"6":{"start":{"line":11,"column":8},"end":{"line":12,"column":20}},"7":{"start":{"line":11,"column":41},"end":{"line":11,"column":74}},"8":{"start":{"line":12,"column":13},"end":{"line":12,"column":20}},"9":{"start":{"line":14,"column":20},"end":{"line":14,"column":29}},"10":{"start":{"line":17,"column":2},"end":{"line":24,"column":5}},"11":{"start":{"line":18,"column":4},"end":{"line":23,"column":31}},"12":{"start":{"line":21,"column":8},"end":{"line":21,"column":47}},"13":{"start":{"line":23,"column":20},"end":{"line":23,"column":29}},"14":{"start":{"line":26,"column":2},"end":{"line":31,"column":5}},"15":{"start":{"line":27,"column":4},"end":{"line":30,"column":31}},"16":{"start":{"line":29,"column":22},"end":{"line":29,"column":50}},"17":{"start":{"line":30,"column":20},"end":{"line":30,"column":29}},"18":{"start":{"line":33,"column":2},"end":{"line":38,"column":5}},"19":{"start":{"line":34,"column":4},"end":{"line":37,"column":31}},"20":{"start":{"line":36,"column":22},"end":{"line":36,"column":50}},"21":{"start":{"line":37,"column":20},"end":{"line":37,"column":29}},"22":{"start":{"line":40,"column":2},"end":{"line":45,"column":5}},"23":{"start":{"line":41,"column":4},"end":{"line":44,"column":31}},"24":{"start":{"line":43,"column":22},"end":{"line":43,"column":53}},"25":{"start":{"line":44,"column":20},"end":{"line":44,"column":29}},"26":{"start":{"line":47,"column":2},"end":{"line":52,"column":5}},"27":{"start":{"line":48,"column":4},"end":{"line":51,"column":31}},"28":{"start":{"line":50,"column":18},"end":{"line":50,"column":40}},"29":{"start":{"line":51,"column":20},"end":{"line":51,"column":29}},"30":{"start":{"line":54,"column":2},"end":{"line":54,"column":16}}},"fnMap":{"0":{"name":"(anonymous_0)","decl":{"start":{"line":4,"column":17},"end":{"line":4,"column":18}},"loc":{"start":{"line":4,"column":24},"end":{"line":55,"column":1}},"line":4},"1":{"name":"(anonymous_1)","decl":{"start":{"line":7,"column":21},"end":{"line":7,"column":22}},"loc":{"start":{"line":7,"column":41},"end":{"line":15,"column":3}},"line":7},"2":{"name":"(anonymous_2)","decl":{"start":{"line":10,"column":12},"end":{"line":10,"column":13}},"loc":{"start":{"line":10,"column":19},"end":{"line":13,"column":7}},"line":10},"3":{"name":"(anonymous_3)","decl":{"start":{"line":14,"column":13},"end":{"line":14,"column":14}},"loc":{"start":{"line":14,"column":20},"end":{"line":14,"column":29}},"line":14},"4":{"name":"(anonymous_4)","decl":{"start":{"line":17,"column":19},"end":{"line":17,"column":20}},"loc":{"start":{"line":17,"column":39},"end":{"line":24,"column":3}},"line":17},"5":{"name":"(anonymous_5)","decl":{"start":{"line":20,"column":12},"end":{"line":20,"column":13}},"loc":{"start":{"line":20,"column":22},"end":{"line":22,"column":7}},"line":20},"6":{"name":"(anonymous_6)","decl":{"start":{"line":23,"column":13},"end":{"line":23,"column":14}},"loc":{"start":{"line":23,"column":20},"end":{"line":23,"column":29}},"line":23},"7":{"name":"(anonymous_7)","decl":{"start":{"line":26,"column":18},"end":{"line":26,"column":19}},"loc":{"start":{"line":26,"column":38},"end":{"line":31,"column":3}},"line":26},"8":{"name":"(anonymous_8)","decl":{"start":{"line":29,"column":12},"end":{"line":29,"column":13}},"loc":{"start":{"line":29,"column":22},"end":{"line":29,"column":50}},"line":29},"9":{"name":"(anonymous_9)","decl":{"start":{"line":30,"column":13},"end":{"line":30,"column":14}},"loc":{"start":{"line":30,"column":20},"end":{"line":30,"column":29}},"line":30},"10":{"name":"(anonymous_10)","decl":{"start":{"line":33,"column":21},"end":{"line":33,"column":22}},"loc":{"start":{"line":33,"column":41},"end":{"line":38,"column":3}},"line":33},"11":{"name":"(anonymous_11)","decl":{"start":{"line":36,"column":12},"end":{"line":36,"column":13}},"loc":{"start":{"line":36,"column":22},"end":{"line":36,"column":50}},"line":36},"12":{"name":"(anonymous_12)","decl":{"start":{"line":37,"column":13},"end":{"line":37,"column":14}},"loc":{"start":{"line":37,"column":20},"end":{"line":37,"column":29}},"line":37},"13":{"name":"(anonymous_13)","decl":{"start":{"line":40,"column":21},"end":{"line":40,"column":22}},"loc":{"start":{"line":40,"column":41},"end":{"line":45,"column":3}},"line":40},"14":{"name":"(anonymous_14)","decl":{"start":{"line":43,"column":12},"end":{"line":43,"column":13}},"loc":{"start":{"line":43,"column":22},"end":{"line":43,"column":53}},"line":43},"15":{"name":"(anonymous_15)","decl":{"start":{"line":44,"column":13},"end":{"line":44,"column":14}},"loc":{"start":{"line":44,"column":20},"end":{"line":44,"column":29}},"line":44},"16":{"name":"(anonymous_16)","decl":{"start":{"line":47,"column":24},"end":{"line":47,"column":25}},"loc":{"start":{"line":47,"column":44},"end":{"line":52,"column":3}},"line":47},"17":{"name":"(anonymous_17)","decl":{"start":{"line":50,"column":12},"end":{"line":50,"column":13}},"loc":{"start":{"line":50,"column":18},"end":{"line":50,"column":40}},"line":50},"18":{"name":"(anonymous_18)","decl":{"start":{"line":51,"column":13},"end":{"line":51,"column":14}},"loc":{"start":{"line":51,"column":20},"end":{"line":51,"column":29}},"line":51}},"branchMap":{"0":{"loc":{"start":{"line":11,"column":8},"end":{"line":12,"column":20}},"type":"if","locations":[{"start":{"line":11,"column":8},"end":{"line":12,"column":20}},{"start":{"line":11,"column":8},"end":{"line":12,"column":20}}],"line":11}},"s":{"0":7,"1":7,"2":7,"3":7,"4":7,"5":7,"6":7,"7":3,"8":4,"9":3,"10":7,"11":3,"12":1,"13":2,"14":7,"15":1,"16":1,"17":0,"18":7,"19":1,"20":1,"21":0,"22":7,"23":1,"24":1,"25":0,"26":7,"27":2,"28":1,"29":1,"30":7},"f":{"0":7,"1":7,"2":7,"3":3,"4":3,"5":1,"6":2,"7":1,"8":1,"9":0,"10":1,"11":1,"12":0,"13":1,"14":1,"15":0,"16":2,"17":1,"18":1},"b":{"0":[3,4]},"_coverageSchema":"332fd63041d2c1bcb487cc26dd0d5f7d97098a6c","hash":"76a22d6567d3f0b59d01fa7ae603ee3619ed9e02"}
,"C:\\sbanco\\src\\routes\\auth.js": {"path":"C:\\sbanco\\src\\routes\\auth.js","statementMap":{"0":{"start":{"line":1,"column":16},"end":{"line":1,"column":34}},"1":{"start":{"line":2,"column":12},"end":{"line":2,"column":33}},"2":{"start":{"line":3,"column":15},"end":{"line":3,"column":39}},"3":{"start":{"line":4,"column":15},"end":{"line":4,"column":25}},"4":{"start":{"line":5,"column":24},"end":{"line":5,"column":60}},"5":{"start":{"line":7,"column":0},"end":{"line":38,"column":2}},"6":{"start":{"line":8,"column":17},"end":{"line":8,"column":33}},"7":{"start":{"line":10,"column":2},"end":{"line":26,"column":5}},"8":{"start":{"line":11,"column":4},"end":{"line":25,"column":31}},"9":{"start":{"line":14,"column":8},"end":{"line":14,"column":74}},"10":{"start":{"line":14,"column":19},"end":{"line":14,"column":74}},"11":{"start":{"line":15,"column":8},"end":{"line":23,"column":70}},"12":{"start":{"line":16,"column":26},"end":{"line":20,"column":11}},"13":{"start":{"line":21,"column":24},"end":{"line":21,"column":51}},"14":{"start":{"line":22,"column":10},"end":{"line":22,"column":42}},"15":{"start":{"line":23,"column":15},"end":{"line":23,"column":70}},"16":{"start":{"line":25,"column":20},"end":{"line":25,"column":29}},"17":{"start":{"line":28,"column":2},"end":{"line":35,"column":5}},"18":{"start":{"line":29,"column":4},"end":{"line":34,"column":5}},"19":{"start":{"line":30,"column":21},"end":{"line":30,"column":59}},"20":{"start":{"line":31,"column":6},"end":{"line":31,"column":45}},"21":{"start":{"line":33,"column":6},"end":{"line":33,"column":23}},"22":{"start":{"line":37,"column":2},"end":{"line":37,"column":16}}},"fnMap":{"0":{"name":"(anonymous_0)","decl":{"start":{"line":7,"column":17},"end":{"line":7,"column":18}},"loc":{"start":{"line":7,"column":24},"end":{"line":38,"column":1}},"line":7},"1":{"name":"(anonymous_1)","decl":{"start":{"line":10,"column":25},"end":{"line":10,"column":26}},"loc":{"start":{"line":10,"column":45},"end":{"line":26,"column":3}},"line":10},"2":{"name":"(anonymous_2)","decl":{"start":{"line":13,"column":12},"end":{"line":13,"column":13}},"loc":{"start":{"line":13,"column":20},"end":{"line":24,"column":7}},"line":13},"3":{"name":"(anonymous_3)","decl":{"start":{"line":25,"column":13},"end":{"line":25,"column":14}},"loc":{"start":{"line":25,"column":20},"end":{"line":25,"column":29}},"line":25},"4":{"name":"(anonymous_4)","decl":{"start":{"line":28,"column":25},"end":{"line":28,"column":26}},"loc":{"start":{"line":28,"column":51},"end":{"line":35,"column":3}},"line":28}},"branchMap":{"0":{"loc":{"start":{"line":14,"column":8},"end":{"line":14,"column":74}},"type":"if","locations":[{"start":{"line":14,"column":8},"end":{"line":14,"column":74}},{"start":{"line":14,"column":8},"end":{"line":14,"column":74}}],"line":14},"1":{"loc":{"start":{"line":15,"column":8},"end":{"line":23,"column":70}},"type":"if","locations":[{"start":{"line":15,"column":8},"end":{"line":23,"column":70}},{"start":{"line":15,"column":8},"end":{"line":23,"column":70}}],"line":15}},"s":{"0":7,"1":7,"2":7,"3":7,"4":7,"5":7,"6":7,"7":7,"8":3,"9":3,"10":1,"11":2,"12":1,"13":1,"14":1,"15":1,"16":2,"17":7,"18":1,"19":1,"20":1,"21":0,"22":7},"f":{"0":7,"1":3,"2":3,"3":2,"4":1},"b":{"0":[1,2],"1":[1,1]},"_coverageSchema":"332fd63041d2c1bcb487cc26dd0d5f7d97098a6c","hash":"58236357306448b2bbef812d64100b9cc6eb723c"}
,"C:\\sbanco\\src\\routes\\balance.js": {"path":"C:\\sbanco\\src\\routes\\balance.js","statementMap":{"0":{"start":{"line":1,"column":16},"end":{"line":1,"column":34}},"1":{"start":{"line":3,"column":0},"end":{"line":14,"column":2}},"2":{"start":{"line":4,"column":17},"end":{"line":4,"column":33}},"3":{"start":{"line":6,"column":2},"end":{"line":11,"column":5}},"4":{"start":{"line":7,"column":4},"end":{"line":10,"column":31}},"5":{"start":{"line":9,"column":22},"end":{"line":9,"column":50}},"6":{"start":{"line":10,"column":20},"end":{"line":10,"column":29}},"7":{"start":{"line":13,"column":2},"end":{"line":13,"column":16}}},"fnMap":{"0":{"name":"(anonymous_0)","decl":{"start":{"line":3,"column":17},"end":{"line":3,"column":18}},"loc":{"start":{"line":3,"column":24},"end":{"line":14,"column":1}},"line":3},"1":{"name":"(anonymous_1)","decl":{"start":{"line":6,"column":18},"end":{"line":6,"column":19}},"loc":{"start":{"line":6,"column":38},"end":{"line":11,"column":3}},"line":6},"2":{"name":"(anonymous_2)","decl":{"start":{"line":9,"column":12},"end":{"line":9,"column":13}},"loc":{"start":{"line":9,"column":22},"end":{"line":9,"column":50}},"line":9},"3":{"name":"(anonymous_3)","decl":{"start":{"line":10,"column":13},"end":{"line":10,"column":14}},"loc":{"start":{"line":10,"column":20},"end":{"line":10,"column":29}},"line":10}},"branchMap":{},"s":{"0":7,"1":7,"2":7,"3":7,"4":10,"5":10,"6":0,"7":7},"f":{"0":7,"1":10,"2":10,"3":0},"b":{},"_coverageSchema":"332fd63041d2c1bcb487cc26dd0d5f7d97098a6c","hash":"5eea2968969db01070e0cc06368f5dfd535cc4af"}
,"C:\\sbanco\\src\\routes\\transactions.js": {"path":"C:\\sbanco\\src\\routes\\transactions.js","statementMap":{"0":{"start":{"line":1,"column":16},"end":{"line":1,"column":34}},"1":{"start":{"line":2,"column":29},"end":{"line":2,"column":70}},"2":{"start":{"line":4,"column":0},"end":{"line":53,"column":2}},"3":{"start":{"line":5,"column":17},"end":{"line":5,"column":33}},"4":{"start":{"line":7,"column":2},"end":{"line":15,"column":5}},"5":{"start":{"line":8,"column":4},"end":{"line":14,"column":31}},"6":{"start":{"line":11,"column":8},"end":{"line":12,"column":46}},"7":{"start":{"line":11,"column":31},"end":{"line":11,"column":38}},"8":{"start":{"line":12,"column":13},"end":{"line":12,"column":46}},"9":{"start":{"line":14,"column":20},"end":{"line":14,"column":29}},"10":{"start":{"line":17,"column":2},"end":{"line":22,"column":5}},"11":{"start":{"line":18,"column":4},"end":{"line":21,"column":31}},"12":{"start":{"line":20,"column":22},"end":{"line":20,"column":50}},"13":{"start":{"line":21,"column":20},"end":{"line":21,"column":29}},"14":{"start":{"line":24,"column":2},"end":{"line":29,"column":5}},"15":{"start":{"line":25,"column":4},"end":{"line":28,"column":31}},"16":{"start":{"line":27,"column":22},"end":{"line":27,"column":53}},"17":{"start":{"line":28,"column":20},"end":{"line":28,"column":29}},"18":{"start":{"line":31,"column":2},"end":{"line":36,"column":5}},"19":{"start":{"line":32,"column":4},"end":{"line":35,"column":31}},"20":{"start":{"line":34,"column":22},"end":{"line":34,"column":50}},"21":{"start":{"line":35,"column":20},"end":{"line":35,"column":29}},"22":{"start":{"line":38,"column":2},"end":{"line":43,"column":5}},"23":{"start":{"line":39,"column":4},"end":{"line":42,"column":31}},"24":{"start":{"line":41,"column":22},"end":{"line":41,"column":53}},"25":{"start":{"line":42,"column":20},"end":{"line":42,"column":29}},"26":{"start":{"line":45,"column":2},"end":{"line":50,"column":5}},"27":{"start":{"line":46,"column":4},"end":{"line":49,"column":31}},"28":{"start":{"line":48,"column":18},"end":{"line":48,"column":40}},"29":{"start":{"line":49,"column":20},"end":{"line":49,"column":29}},"30":{"start":{"line":52,"column":2},"end":{"line":52,"column":16}}},"fnMap":{"0":{"name":"(anonymous_0)","decl":{"start":{"line":4,"column":17},"end":{"line":4,"column":18}},"loc":{"start":{"line":4,"column":24},"end":{"line":53,"column":1}},"line":4},"1":{"name":"(anonymous_1)","decl":{"start":{"line":7,"column":21},"end":{"line":7,"column":22}},"loc":{"start":{"line":7,"column":41},"end":{"line":15,"column":3}},"line":7},"2":{"name":"(anonymous_2)","decl":{"start":{"line":10,"column":12},"end":{"line":10,"column":13}},"loc":{"start":{"line":10,"column":22},"end":{"line":13,"column":7}},"line":10},"3":{"name":"(anonymous_3)","decl":{"start":{"line":14,"column":13},"end":{"line":14,"column":14}},"loc":{"start":{"line":14,"column":20},"end":{"line":14,"column":29}},"line":14},"4":{"name":"(anonymous_4)","decl":{"start":{"line":17,"column":18},"end":{"line":17,"column":19}},"loc":{"start":{"line":17,"column":38},"end":{"line":22,"column":3}},"line":17},"5":{"name":"(anonymous_5)","decl":{"start":{"line":20,"column":12},"end":{"line":20,"column":13}},"loc":{"start":{"line":20,"column":22},"end":{"line":20,"column":50}},"line":20},"6":{"name":"(anonymous_6)","decl":{"start":{"line":21,"column":13},"end":{"line":21,"column":14}},"loc":{"start":{"line":21,"column":20},"end":{"line":21,"column":29}},"line":21},"7":{"name":"(anonymous_7)","decl":{"start":{"line":24,"column":19},"end":{"line":24,"column":20}},"loc":{"start":{"line":24,"column":39},"end":{"line":29,"column":3}},"line":24},"8":{"name":"(anonymous_8)","decl":{"start":{"line":27,"column":12},"end":{"line":27,"column":13}},"loc":{"start":{"line":27,"column":22},"end":{"line":27,"column":53}},"line":27},"9":{"name":"(anonymous_9)","decl":{"start":{"line":28,"column":13},"end":{"line":28,"column":14}},"loc":{"start":{"line":28,"column":20},"end":{"line":28,"column":29}},"line":28},"10":{"name":"(anonymous_10)","decl":{"start":{"line":31,"column":21},"end":{"line":31,"column":22}},"loc":{"start":{"line":31,"column":41},"end":{"line":36,"column":3}},"line":31},"11":{"name":"(anonymous_11)","decl":{"start":{"line":34,"column":12},"end":{"line":34,"column":13}},"loc":{"start":{"line":34,"column":22},"end":{"line":34,"column":50}},"line":34},"12":{"name":"(anonymous_12)","decl":{"start":{"line":35,"column":13},"end":{"line":35,"column":14}},"loc":{"start":{"line":35,"column":20},"end":{"line":35,"column":29}},"line":35},"13":{"name":"(anonymous_13)","decl":{"start":{"line":38,"column":21},"end":{"line":38,"column":22}},"loc":{"start":{"line":38,"column":41},"end":{"line":43,"column":3}},"line":38},"14":{"name":"(anonymous_14)","decl":{"start":{"line":41,"column":12},"end":{"line":41,"column":13}},"loc":{"start":{"line":41,"column":22},"end":{"line":41,"column":53}},"line":41},"15":{"name":"(anonymous_15)","decl":{"start":{"line":42,"column":13},"end":{"line":42,"column":14}},"loc":{"start":{"line":42,"column":20},"end":{"line":42,"column":29}},"line":42},"16":{"name":"(anonymous_16)","decl":{"start":{"line":45,"column":24},"end":{"line":45,"column":25}},"loc":{"start":{"line":45,"column":44},"end":{"line":50,"column":3}},"line":45},"17":{"name":"(anonymous_17)","decl":{"start":{"line":48,"column":12},"end":{"line":48,"column":13}},"loc":{"start":{"line":48,"column":18},"end":{"line":48,"column":40}},"line":48},"18":{"name":"(anonymous_18)","decl":{"start":{"line":49,"column":13},"end":{"line":49,"column":14}},"loc":{"start":{"line":49,"column":20},"end":{"line":49,"column":29}},"line":49}},"branchMap":{"0":{"loc":{"start":{"line":11,"column":8},"end":{"line":12,"column":46}},"type":"if","locations":[{"start":{"line":11,"column":8},"end":{"line":12,"column":46}},{"start":{"line":11,"column":8},"end":{"line":12,"column":46}}],"line":11}},"s":{"0":7,"1":7,"2":7,"3":7,"4":7,"5":4,"6":4,"7":3,"8":1,"9":1,"10":7,"11":1,"12":1,"13":0,"14":7,"15":16,"16":10,"17":0,"18":7,"19":1,"20":1,"21":0,"22":7,"23":1,"24":1,"25":0,"26":7,"27":1,"28":1,"29":0,"30":7},"f":{"0":7,"1":4,"2":4,"3":1,"4":1,"5":1,"6":0,"7":16,"8":10,"9":0,"10":1,"11":1,"12":0,"13":1,"14":1,"15":0,"16":1,"17":1,"18":0},"b":{"0":[3,1]},"_coverageSchema":"332fd63041d2c1bcb487cc26dd0d5f7d97098a6c","hash":"8d6c00abf40d077faa883595e71842bd0a859c19"}
,"C:\\sbanco\\src\\routes\\transfers.js": {"path":"C:\\sbanco\\src\\routes\\transfers.js","statementMap":{"0":{"start":{"line":1,"column":16},"end":{"line":1,"column":34}},"1":{"start":{"line":2,"column":29},"end":{"line":2,"column":70}},"2":{"start":{"line":4,"column":0},"end":{"line":61,"column":2}},"3":{"start":{"line":5,"column":17},"end":{"line":5,"column":33}},"4":{"start":{"line":7,"column":2},"end":{"line":15,"column":5}},"5":{"start":{"line":8,"column":4},"end":{"line":14,"column":31}},"6":{"start":{"line":11,"column":8},"end":{"line":11,"column":77}},"7":{"start":{"line":11,"column":44},"end":{"line":11,"column":77}},"8":{"start":{"line":12,"column":8},"end":{"line":12,"column":15}},"9":{"start":{"line":14,"column":20},"end":{"line":14,"column":29}},"10":{"start":{"line":17,"column":19},"end":{"line":22,"column":3}},"11":{"start":{"line":18,"column":4},"end":{"line":21,"column":31}},"12":{"start":{"line":20,"column":18},"end":{"line":20,"column":24}},"13":{"start":{"line":21,"column":20},"end":{"line":21,"column":29}},"14":{"start":{"line":24,"column":2},"end":{"line":29,"column":5}},"15":{"start":{"line":25,"column":4},"end":{"line":28,"column":31}},"16":{"start":{"line":27,"column":22},"end":{"line":27,"column":50}},"17":{"start":{"line":28,"column":20},"end":{"line":28,"column":29}},"18":{"start":{"line":31,"column":2},"end":{"line":37,"column":5}},"19":{"start":{"line":32,"column":21},"end":{"line":32,"column":58}},"20":{"start":{"line":33,"column":4},"end":{"line":36,"column":31}},"21":{"start":{"line":35,"column":22},"end":{"line":35,"column":53}},"22":{"start":{"line":36,"column":20},"end":{"line":36,"column":29}},"23":{"start":{"line":39,"column":2},"end":{"line":44,"column":5}},"24":{"start":{"line":40,"column":4},"end":{"line":43,"column":31}},"25":{"start":{"line":42,"column":22},"end":{"line":42,"column":50}},"26":{"start":{"line":43,"column":20},"end":{"line":43,"column":29}},"27":{"start":{"line":46,"column":2},"end":{"line":51,"column":5}},"28":{"start":{"line":47,"column":4},"end":{"line":50,"column":31}},"29":{"start":{"line":49,"column":22},"end":{"line":49,"column":53}},"30":{"start":{"line":50,"column":20},"end":{"line":50,"column":29}},"31":{"start":{"line":53,"column":2},"end":{"line":58,"column":5}},"32":{"start":{"line":54,"column":4},"end":{"line":57,"column":31}},"33":{"start":{"line":56,"column":18},"end":{"line":56,"column":40}},"34":{"start":{"line":57,"column":20},"end":{"line":57,"column":29}},"35":{"start":{"line":60,"column":2},"end":{"line":60,"column":16}}},"fnMap":{"0":{"name":"(anonymous_0)","decl":{"start":{"line":4,"column":17},"end":{"line":4,"column":18}},"loc":{"start":{"line":4,"column":24},"end":{"line":61,"column":1}},"line":4},"1":{"name":"(anonymous_1)","decl":{"start":{"line":7,"column":21},"end":{"line":7,"column":22}},"loc":{"start":{"line":7,"column":41},"end":{"line":15,"column":3}},"line":7},"2":{"name":"(anonymous_2)","decl":{"start":{"line":10,"column":12},"end":{"line":10,"column":13}},"loc":{"start":{"line":10,"column":22},"end":{"line":13,"column":7}},"line":10},"3":{"name":"(anonymous_3)","decl":{"start":{"line":14,"column":13},"end":{"line":14,"column":14}},"loc":{"start":{"line":14,"column":20},"end":{"line":14,"column":29}},"line":14},"4":{"name":"(anonymous_4)","decl":{"start":{"line":17,"column":19},"end":{"line":17,"column":20}},"loc":{"start":{"line":17,"column":39},"end":{"line":22,"column":3}},"line":17},"5":{"name":"(anonymous_5)","decl":{"start":{"line":20,"column":12},"end":{"line":20,"column":13}},"loc":{"start":{"line":20,"column":18},"end":{"line":20,"column":24}},"line":20},"6":{"name":"(anonymous_6)","decl":{"start":{"line":21,"column":13},"end":{"line":21,"column":14}},"loc":{"start":{"line":21,"column":20},"end":{"line":21,"column":29}},"line":21},"7":{"name":"(anonymous_7)","decl":{"start":{"line":24,"column":18},"end":{"line":24,"column":19}},"loc":{"start":{"line":24,"column":38},"end":{"line":29,"column":3}},"line":24},"8":{"name":"(anonymous_8)","decl":{"start":{"line":27,"column":12},"end":{"line":27,"column":13}},"loc":{"start":{"line":27,"column":22},"end":{"line":27,"column":50}},"line":27},"9":{"name":"(anonymous_9)","decl":{"start":{"line":28,"column":13},"end":{"line":28,"column":14}},"loc":{"start":{"line":28,"column":20},"end":{"line":28,"column":29}},"line":28},"10":{"name":"(anonymous_10)","decl":{"start":{"line":31,"column":29},"end":{"line":31,"column":30}},"loc":{"start":{"line":31,"column":49},"end":{"line":37,"column":3}},"line":31},"11":{"name":"(anonymous_11)","decl":{"start":{"line":35,"column":12},"end":{"line":35,"column":13}},"loc":{"start":{"line":35,"column":22},"end":{"line":35,"column":53}},"line":35},"12":{"name":"(anonymous_12)","decl":{"start":{"line":36,"column":13},"end":{"line":36,"column":14}},"loc":{"start":{"line":36,"column":20},"end":{"line":36,"column":29}},"line":36},"13":{"name":"(anonymous_13)","decl":{"start":{"line":39,"column":21},"end":{"line":39,"column":22}},"loc":{"start":{"line":39,"column":41},"end":{"line":44,"column":3}},"line":39},"14":{"name":"(anonymous_14)","decl":{"start":{"line":42,"column":12},"end":{"line":42,"column":13}},"loc":{"start":{"line":42,"column":22},"end":{"line":42,"column":50}},"line":42},"15":{"name":"(anonymous_15)","decl":{"start":{"line":43,"column":13},"end":{"line":43,"column":14}},"loc":{"start":{"line":43,"column":20},"end":{"line":43,"column":29}},"line":43},"16":{"name":"(anonymous_16)","decl":{"start":{"line":46,"column":31},"end":{"line":46,"column":32}},"loc":{"start":{"line":46,"column":51},"end":{"line":51,"column":3}},"line":46},"17":{"name":"(anonymous_17)","decl":{"start":{"line":49,"column":12},"end":{"line":49,"column":13}},"loc":{"start":{"line":49,"column":22},"end":{"line":49,"column":53}},"line":49},"18":{"name":"(anonymous_18)","decl":{"start":{"line":50,"column":13},"end":{"line":50,"column":14}},"loc":{"start":{"line":50,"column":20},"end":{"line":50,"column":29}},"line":50},"19":{"name":"(anonymous_19)","decl":{"start":{"line":53,"column":24},"end":{"line":53,"column":25}},"loc":{"start":{"line":53,"column":44},"end":{"line":58,"column":3}},"line":53},"20":{"name":"(anonymous_20)","decl":{"start":{"line":56,"column":12},"end":{"line":56,"column":13}},"loc":{"start":{"line":56,"column":18},"end":{"line":56,"column":40}},"line":56},"21":{"name":"(anonymous_21)","decl":{"start":{"line":57,"column":13},"end":{"line":57,"column":14}},"loc":{"start":{"line":57,"column":20},"end":{"line":57,"column":29}},"line":57}},"branchMap":{"0":{"loc":{"start":{"line":11,"column":8},"end":{"line":11,"column":77}},"type":"if","locations":[{"start":{"line":11,"column":8},"end":{"line":11,"column":77}},{"start":{"line":11,"column":8},"end":{"line":11,"column":77}}],"line":11}},"s":{"0":7,"1":7,"2":7,"3":7,"4":7,"5":11,"6":11,"7":1,"8":10,"9":1,"10":7,"11":18,"12":4,"13":14,"14":7,"15":1,"16":1,"17":0,"18":7,"19":3,"20":3,"21":3,"22":0,"23":7,"24":1,"25":1,"26":0,"27":7,"28":1,"29":1,"30":0,"31":7,"32":1,"33":1,"34":0,"35":7},"f":{"0":7,"1":11,"2":11,"3":1,"4":18,"5":4,"6":14,"7":1,"8":1,"9":0,"10":3,"11":3,"12":0,"13":1,"14":1,"15":0,"16":1,"17":1,"18":0,"19":1,"20":1,"21":0},"b":{"0":[1,10]},"_coverageSchema":"332fd63041d2c1bcb487cc26dd0d5f7d97098a6c","hash":"4dd37df2a047ed0c7ee235f09124c3cd479aa290"}
,"C:\\sbanco\\src\\routes\\users.js": {"path":"C:\\sbanco\\src\\routes\\users.js","statementMap":{"0":{"start":{"line":1,"column":16},"end":{"line":1,"column":34}},"1":{"start":{"line":3,"column":0},"end":{"line":23,"column":2}},"2":{"start":{"line":4,"column":17},"end":{"line":4,"column":33}},"3":{"start":{"line":6,"column":2},"end":{"line":11,"column":5}},"4":{"start":{"line":7,"column":4},"end":{"line":10,"column":31}},"5":{"start":{"line":9,"column":22},"end":{"line":9,"column":50}},"6":{"start":{"line":10,"column":20},"end":{"line":10,"column":29}},"7":{"start":{"line":13,"column":2},"end":{"line":20,"column":5}},"8":{"start":{"line":14,"column":4},"end":{"line":19,"column":5}},"9":{"start":{"line":15,"column":21},"end":{"line":15,"column":59}},"10":{"start":{"line":16,"column":6},"end":{"line":16,"column":45}},"11":{"start":{"line":18,"column":6},"end":{"line":18,"column":23}},"12":{"start":{"line":22,"column":2},"end":{"line":22,"column":16}}},"fnMap":{"0":{"name":"(anonymous_0)","decl":{"start":{"line":3,"column":17},"end":{"line":3,"column":18}},"loc":{"start":{"line":3,"column":24},"end":{"line":23,"column":1}},"line":3},"1":{"name":"(anonymous_1)","decl":{"start":{"line":6,"column":18},"end":{"line":6,"column":19}},"loc":{"start":{"line":6,"column":38},"end":{"line":11,"column":3}},"line":6},"2":{"name":"(anonymous_2)","decl":{"start":{"line":9,"column":12},"end":{"line":9,"column":13}},"loc":{"start":{"line":9,"column":22},"end":{"line":9,"column":50}},"line":9},"3":{"name":"(anonymous_3)","decl":{"start":{"line":10,"column":13},"end":{"line":10,"column":14}},"loc":{"start":{"line":10,"column":20},"end":{"line":10,"column":29}},"line":10},"4":{"name":"(anonymous_4)","decl":{"start":{"line":13,"column":19},"end":{"line":13,"column":20}},"loc":{"start":{"line":13,"column":45},"end":{"line":20,"column":3}},"line":13}},"branchMap":{},"s":{"0":7,"1":7,"2":7,"3":7,"4":1,"5":1,"6":0,"7":7,"8":6,"9":6,"10":2,"11":4,"12":7},"f":{"0":7,"1":1,"2":1,"3":0,"4":6},"b":{},"_coverageSchema":"332fd63041d2c1bcb487cc26dd0d5f7d97098a6c","hash":"b6180d31f0bbb8eca66920fdf95adbcd27459d80"}
,"C:\\sbanco\\src\\seeds\\01_transfer.js": {"path":"C:\\sbanco\\src\\seeds\\01_transfer.js","statementMap":{"0":{"start":{"line":1,"column":0},"end":{"line":89,"column":2}},"1":{"start":{"line":2,"column":2},"end":{"line":88,"column":6}},"2":{"start":{"line":4,"column":16},"end":{"line":4,"column":39}},"3":{"start":{"line":5,"column":16},"end":{"line":5,"column":38}},"4":{"start":{"line":6,"column":16},"end":{"line":6,"column":35}},"5":{"start":{"line":8,"column":6},"end":{"line":21,"column":8}},"6":{"start":{"line":24,"column":6},"end":{"line":29,"column":8}},"7":{"start":{"line":32,"column":6},"end":{"line":51,"column":8}},"8":{"start":{"line":54,"column":6},"end":{"line":87,"column":8}}},"fnMap":{"0":{"name":"(anonymous_0)","decl":{"start":{"line":1,"column":15},"end":{"line":1,"column":16}},"loc":{"start":{"line":1,"column":34},"end":{"line":89,"column":1}},"line":1},"1":{"name":"(anonymous_1)","decl":{"start":{"line":4,"column":10},"end":{"line":4,"column":11}},"loc":{"start":{"line":4,"column":16},"end":{"line":4,"column":39}},"line":4},"2":{"name":"(anonymous_2)","decl":{"start":{"line":5,"column":10},"end":{"line":5,"column":11}},"loc":{"start":{"line":5,"column":16},"end":{"line":5,"column":38}},"line":5},"3":{"name":"(anonymous_3)","decl":{"start":{"line":6,"column":10},"end":{"line":6,"column":11}},"loc":{"start":{"line":6,"column":16},"end":{"line":6,"column":35}},"line":6},"4":{"name":"(anonymous_4)","decl":{"start":{"line":7,"column":10},"end":{"line":7,"column":11}},"loc":{"start":{"line":8,"column":6},"end":{"line":21,"column":8}},"line":8},"5":{"name":"(anonymous_5)","decl":{"start":{"line":23,"column":10},"end":{"line":23,"column":11}},"loc":{"start":{"line":24,"column":6},"end":{"line":29,"column":8}},"line":24},"6":{"name":"(anonymous_6)","decl":{"start":{"line":31,"column":10},"end":{"line":31,"column":11}},"loc":{"start":{"line":32,"column":6},"end":{"line":51,"column":8}},"line":32},"7":{"name":"(anonymous_7)","decl":{"start":{"line":53,"column":10},"end":{"line":53,"column":11}},"loc":{"start":{"line":54,"column":6},"end":{"line":87,"column":8}},"line":54}},"branchMap":{},"s":{"0":2,"1":2,"2":2,"3":2,"4":2,"5":2,"6":2,"7":2,"8":2},"f":{"0":2,"1":2,"2":2,"3":2,"4":2,"5":2,"6":2,"7":2},"b":{},"_coverageSchema":"332fd63041d2c1bcb487cc26dd0d5f7d97098a6c","hash":"058efedf28a0d158c2871612d6e20715ebc046b9"}
,"C:\\sbanco\\src\\seeds\\02_balance.js": {"path":"C:\\sbanco\\src\\seeds\\02_balance.js","statementMap":{"0":{"start":{"line":1,"column":15},"end":{"line":1,"column":32}},"1":{"start":{"line":3,"column":0},"end":{"line":160,"column":2}},"2":{"start":{"line":5,"column":2},"end":{"line":159,"column":6}},"3":{"start":{"line":27,"column":6},"end":{"line":34,"column":8}},"4":{"start":{"line":37,"column":6},"end":{"line":158,"column":9}},"5":{"start":{"line":59,"column":10},"end":{"line":157,"column":12}}},"fnMap":{"0":{"name":"(anonymous_0)","decl":{"start":{"line":3,"column":15},"end":{"line":3,"column":16}},"loc":{"start":{"line":3,"column":23},"end":{"line":160,"column":1}},"line":3},"1":{"name":"(anonymous_1)","decl":{"start":{"line":26,"column":10},"end":{"line":26,"column":11}},"loc":{"start":{"line":27,"column":6},"end":{"line":34,"column":8}},"line":27},"2":{"name":"(anonymous_2)","decl":{"start":{"line":36,"column":10},"end":{"line":36,"column":11}},"loc":{"start":{"line":37,"column":6},"end":{"line":158,"column":9}},"line":37},"3":{"name":"(anonymous_3)","decl":{"start":{"line":58,"column":14},"end":{"line":58,"column":15}},"loc":{"start":{"line":59,"column":10},"end":{"line":157,"column":12}},"line":59}},"branchMap":{},"s":{"0":2,"1":2,"2":2,"3":2,"4":2,"5":2},"f":{"0":2,"1":2,"2":2,"3":2},"b":{},"_coverageSchema":"332fd63041d2c1bcb487cc26dd0d5f7d97098a6c","hash":"90e32db868df242ee87b073be5b0c3282f852736"}
,"C:\\sbanco\\src\\services\\account.js": {"path":"C:\\sbanco\\src\\services\\account.js","statementMap":{"0":{"start":{"line":1,"column":24},"end":{"line":1,"column":60}},"1":{"start":{"line":3,"column":0},"end":{"line":44,"column":2}},"2":{"start":{"line":4,"column":18},"end":{"line":6,"column":3}},"3":{"start":{"line":5,"column":4},"end":{"line":5,"column":57}},"4":{"start":{"line":8,"column":15},"end":{"line":13,"column":3}},"5":{"start":{"line":9,"column":4},"end":{"line":12,"column":15}},"6":{"start":{"line":15,"column":15},"end":{"line":23,"column":3}},"7":{"start":{"line":16,"column":4},"end":{"line":17,"column":66}},"8":{"start":{"line":17,"column":6},"end":{"line":17,"column":66}},"9":{"start":{"line":19,"column":18},"end":{"line":19,"column":78}},"10":{"start":{"line":20,"column":4},"end":{"line":20,"column":78}},"11":{"start":{"line":20,"column":15},"end":{"line":20,"column":78}},"12":{"start":{"line":22,"column":4},"end":{"line":22,"column":51}},"13":{"start":{"line":25,"column":17},"end":{"line":30,"column":3}},"14":{"start":{"line":26,"column":4},"end":{"line":29,"column":28}},"15":{"start":{"line":32,"column":17},"end":{"line":41,"column":3}},"16":{"start":{"line":33,"column":24},"end":{"line":33,"column":78}},"17":{"start":{"line":34,"column":4},"end":{"line":35,"column":75}},"18":{"start":{"line":35,"column":6},"end":{"line":35,"column":75}},"19":{"start":{"line":37,"column":4},"end":{"line":40,"column":13}},"20":{"start":{"line":43,"column":2},"end":{"line":43,"column":49}}},"fnMap":{"0":{"name":"(anonymous_0)","decl":{"start":{"line":3,"column":17},"end":{"line":3,"column":18}},"loc":{"start":{"line":3,"column":24},"end":{"line":44,"column":1}},"line":3},"1":{"name":"(anonymous_1)","decl":{"start":{"line":4,"column":18},"end":{"line":4,"column":19}},"loc":{"start":{"line":4,"column":28},"end":{"line":6,"column":3}},"line":4},"2":{"name":"(anonymous_2)","decl":{"start":{"line":8,"column":15},"end":{"line":8,"column":16}},"loc":{"start":{"line":8,"column":32},"end":{"line":13,"column":3}},"line":8},"3":{"name":"(anonymous_3)","decl":{"start":{"line":15,"column":15},"end":{"line":15,"column":16}},"loc":{"start":{"line":15,"column":32},"end":{"line":23,"column":3}},"line":15},"4":{"name":"(anonymous_4)","decl":{"start":{"line":25,"column":17},"end":{"line":25,"column":18}},"loc":{"start":{"line":25,"column":34},"end":{"line":30,"column":3}},"line":25},"5":{"name":"(anonymous_5)","decl":{"start":{"line":32,"column":17},"end":{"line":32,"column":18}},"loc":{"start":{"line":32,"column":29},"end":{"line":41,"column":3}},"line":32}},"branchMap":{"0":{"loc":{"start":{"line":8,"column":16},"end":{"line":8,"column":27}},"type":"default-arg","locations":[{"start":{"line":8,"column":25},"end":{"line":8,"column":27}}],"line":8},"1":{"loc":{"start":{"line":16,"column":4},"end":{"line":17,"column":66}},"type":"if","locations":[{"start":{"line":16,"column":4},"end":{"line":17,"column":66}},{"start":{"line":16,"column":4},"end":{"line":17,"column":66}}],"line":16},"2":{"loc":{"start":{"line":20,"column":4},"end":{"line":20,"column":78}},"type":"if","locations":[{"start":{"line":20,"column":4},"end":{"line":20,"column":78}},{"start":{"line":20,"column":4},"end":{"line":20,"column":78}}],"line":20},"3":{"loc":{"start":{"line":34,"column":4},"end":{"line":35,"column":75}},"type":"if","locations":[{"start":{"line":34,"column":4},"end":{"line":35,"column":75}},{"start":{"line":34,"column":4},"end":{"line":35,"column":75}}],"line":34}},"s":{"0":7,"1":7,"2":7,"3":1,"4":7,"5":10,"6":7,"7":3,"8":1,"9":2,"10":2,"11":1,"12":1,"13":7,"14":1,"15":7,"16":2,"17":2,"18":1,"19":1,"20":7},"f":{"0":7,"1":1,"2":10,"3":3,"4":1,"5":2},"b":{"0":[0],"1":[1,2],"2":[1,1],"3":[1,1]},"_coverageSchema":"332fd63041d2c1bcb487cc26dd0d5f7d97098a6c","hash":"06b4ef78fb75616081318cd415f855dc37fb18b4"}
,"C:\\sbanco\\src\\services\\balance.js": {"path":"C:\\sbanco\\src\\services\\balance.js","statementMap":{"0":{"start":{"line":1,"column":0},"end":{"line":15,"column":2}},"1":{"start":{"line":2,"column":19},"end":{"line":12,"column":3}},"2":{"start":{"line":3,"column":4},"end":{"line":11,"column":25}},"3":{"start":{"line":14,"column":2},"end":{"line":14,"column":22}}},"fnMap":{"0":{"name":"(anonymous_0)","decl":{"start":{"line":1,"column":17},"end":{"line":1,"column":18}},"loc":{"start":{"line":1,"column":24},"end":{"line":15,"column":1}},"line":1},"1":{"name":"(anonymous_1)","decl":{"start":{"line":2,"column":19},"end":{"line":2,"column":20}},"loc":{"start":{"line":2,"column":29},"end":{"line":12,"column":3}},"line":2}},"branchMap":{},"s":{"0":7,"1":7,"2":10,"3":7},"f":{"0":7,"1":10},"b":{},"_coverageSchema":"332fd63041d2c1bcb487cc26dd0d5f7d97098a6c","hash":"6504773b2ffee16a0016463d5afc9e971e11de5d"}
,"C:\\sbanco\\src\\services\\transaction.js": {"path":"C:\\sbanco\\src\\services\\transaction.js","statementMap":{"0":{"start":{"line":1,"column":24},"end":{"line":1,"column":60}},"1":{"start":{"line":3,"column":0},"end":{"line":60,"column":2}},"2":{"start":{"line":4,"column":15},"end":{"line":11,"column":3}},"3":{"start":{"line":5,"column":4},"end":{"line":10,"column":16}},"4":{"start":{"line":13,"column":18},"end":{"line":18,"column":3}},"5":{"start":{"line":14,"column":4},"end":{"line":17,"column":15}},"6":{"start":{"line":20,"column":15},"end":{"line":43,"column":3}},"7":{"start":{"line":21,"column":4},"end":{"line":22,"column":71}},"8":{"start":{"line":22,"column":6},"end":{"line":22,"column":71}},"9":{"start":{"line":23,"column":4},"end":{"line":24,"column":67}},"10":{"start":{"line":24,"column":6},"end":{"line":24,"column":67}},"11":{"start":{"line":25,"column":4},"end":{"line":26,"column":66}},"12":{"start":{"line":26,"column":6},"end":{"line":26,"column":66}},"13":{"start":{"line":27,"column":4},"end":{"line":28,"column":67}},"14":{"start":{"line":28,"column":6},"end":{"line":28,"column":67}},"15":{"start":{"line":29,"column":4},"end":{"line":30,"column":66}},"16":{"start":{"line":30,"column":6},"end":{"line":30,"column":66}},"17":{"start":{"line":31,"column":4},"end":{"line":32,"column":49}},"18":{"start":{"line":32,"column":6},"end":{"line":32,"column":49}},"19":{"start":{"line":34,"column":27},"end":{"line":34,"column":45}},"20":{"start":{"line":35,"column":4},"end":{"line":40,"column":5}},"21":{"start":{"line":39,"column":6},"end":{"line":39,"column":35}},"22":{"start":{"line":42,"column":4},"end":{"line":42,"column":62}},"23":{"start":{"line":45,"column":17},"end":{"line":50,"column":3}},"24":{"start":{"line":46,"column":4},"end":{"line":49,"column":32}},"25":{"start":{"line":52,"column":17},"end":{"line":57,"column":3}},"26":{"start":{"line":53,"column":4},"end":{"line":56,"column":13}},"27":{"start":{"line":59,"column":2},"end":{"line":59,"column":49}}},"fnMap":{"0":{"name":"(anonymous_0)","decl":{"start":{"line":3,"column":17},"end":{"line":3,"column":18}},"loc":{"start":{"line":3,"column":24},"end":{"line":60,"column":1}},"line":3},"1":{"name":"(anonymous_1)","decl":{"start":{"line":4,"column":15},"end":{"line":4,"column":16}},"loc":{"start":{"line":4,"column":40},"end":{"line":11,"column":3}},"line":4},"2":{"name":"(anonymous_2)","decl":{"start":{"line":13,"column":18},"end":{"line":13,"column":19}},"loc":{"start":{"line":13,"column":28},"end":{"line":18,"column":3}},"line":13},"3":{"name":"(anonymous_3)","decl":{"start":{"line":20,"column":15},"end":{"line":20,"column":16}},"loc":{"start":{"line":20,"column":30},"end":{"line":43,"column":3}},"line":20},"4":{"name":"(anonymous_4)","decl":{"start":{"line":45,"column":17},"end":{"line":45,"column":18}},"loc":{"start":{"line":45,"column":38},"end":{"line":50,"column":3}},"line":45},"5":{"name":"(anonymous_5)","decl":{"start":{"line":52,"column":17},"end":{"line":52,"column":18}},"loc":{"start":{"line":52,"column":23},"end":{"line":57,"column":3}},"line":52}},"branchMap":{"0":{"loc":{"start":{"line":4,"column":24},"end":{"line":4,"column":35}},"type":"default-arg","locations":[{"start":{"line":4,"column":33},"end":{"line":4,"column":35}}],"line":4},"1":{"loc":{"start":{"line":21,"column":4},"end":{"line":22,"column":71}},"type":"if","locations":[{"start":{"line":21,"column":4},"end":{"line":22,"column":71}},{"start":{"line":21,"column":4},"end":{"line":22,"column":71}}],"line":21},"2":{"loc":{"start":{"line":23,"column":4},"end":{"line":24,"column":67}},"type":"if","locations":[{"start":{"line":23,"column":4},"end":{"line":24,"column":67}},{"start":{"line":23,"column":4},"end":{"line":24,"column":67}}],"line":23},"3":{"loc":{"start":{"line":25,"column":4},"end":{"line":26,"column":66}},"type":"if","locations":[{"start":{"line":25,"column":4},"end":{"line":26,"column":66}},{"start":{"line":25,"column":4},"end":{"line":26,"column":66}}],"line":25},"4":{"loc":{"start":{"line":27,"column":4},"end":{"line":28,"column":67}},"type":"if","locations":[{"start":{"line":27,"column":4},"end":{"line":28,"column":67}},{"start":{"line":27,"column":4},"end":{"line":28,"column":67}}],"line":27},"5":{"loc":{"start":{"line":29,"column":4},"end":{"line":30,"column":66}},"type":"if","locations":[{"start":{"line":29,"column":4},"end":{"line":30,"column":66}},{"start":{"line":29,"column":4},"end":{"line":30,"column":66}}],"line":29},"6":{"loc":{"start":{"line":31,"column":4},"end":{"line":32,"column":49}},"type":"if","locations":[{"start":{"line":31,"column":4},"end":{"line":32,"column":49}},{"start":{"line":31,"column":4},"end":{"line":32,"column":49}}],"line":31},"7":{"loc":{"start":{"line":31,"column":10},"end":{"line":31,"column":62}},"type":"binary-expr","locations":[{"start":{"line":31,"column":10},"end":{"line":31,"column":34}},{"start":{"line":31,"column":38},"end":{"line":31,"column":62}}],"line":31},"8":{"loc":{"start":{"line":35,"column":4},"end":{"line":40,"column":5}},"type":"if","locations":[{"start":{"line":35,"column":4},"end":{"line":40,"column":5}},{"start":{"line":35,"column":4},"end":{"line":40,"column":5}}],"line":35},"9":{"loc":{"start":{"line":36,"column":6},"end":{"line":37,"column":59}},"type":"binary-expr","locations":[{"start":{"line":36,"column":7},"end":{"line":36,"column":31}},{"start":{"line":36,"column":35},"end":{"line":36,"column":58}},{"start":{"line":37,"column":7},"end":{"line":37,"column":31}},{"start":{"line":37,"column":35},"end":{"line":37,"column":58}}],"line":36}},"s":{"0":7,"1":7,"2":7,"3":5,"4":7,"5":3,"6":7,"7":16,"8":1,"9":15,"10":1,"11":14,"12":1,"13":13,"14":1,"15":12,"16":1,"17":11,"18":1,"19":10,"20":10,"21":5,"22":10,"23":7,"24":1,"25":7,"26":1,"27":7},"f":{"0":7,"1":5,"2":3,"3":16,"4":1,"5":1},"b":{"0":[1],"1":[1,15],"2":[1,14],"3":[1,13],"4":[1,12],"5":[1,11],"6":[1,10],"7":[11,5],"8":[5,5],"9":[10,6,9,4]},"_coverageSchema":"332fd63041d2c1bcb487cc26dd0d5f7d97098a6c","hash":"fd2e79af823f2b214685270e74c3962be381856a"}
,"C:\\sbanco\\src\\services\\transfer.js": {"path":"C:\\sbanco\\src\\services\\transfer.js","statementMap":{"0":{"start":{"line":1,"column":24},"end":{"line":1,"column":60}},"1":{"start":{"line":3,"column":0},"end":{"line":119,"column":2}},"2":{"start":{"line":4,"column":15},"end":{"line":9,"column":3}},"3":{"start":{"line":5,"column":4},"end":{"line":8,"column":16}},"4":{"start":{"line":11,"column":18},"end":{"line":16,"column":3}},"5":{"start":{"line":12,"column":4},"end":{"line":15,"column":15}},"6":{"start":{"line":18,"column":19},"end":{"line":41,"column":3}},"7":{"start":{"line":19,"column":4},"end":{"line":20,"column":71}},"8":{"start":{"line":20,"column":6},"end":{"line":20,"column":71}},"9":{"start":{"line":21,"column":4},"end":{"line":22,"column":67}},"10":{"start":{"line":22,"column":6},"end":{"line":22,"column":67}},"11":{"start":{"line":23,"column":4},"end":{"line":24,"column":66}},"12":{"start":{"line":24,"column":6},"end":{"line":24,"column":66}},"13":{"start":{"line":25,"column":4},"end":{"line":26,"column":77}},"14":{"start":{"line":26,"column":6},"end":{"line":26,"column":77}},"15":{"start":{"line":27,"column":4},"end":{"line":28,"column":78}},"16":{"start":{"line":28,"column":6},"end":{"line":28,"column":78}},"17":{"start":{"line":29,"column":4},"end":{"line":32,"column":8}},"18":{"start":{"line":30,"column":6},"end":{"line":32,"column":8}},"19":{"start":{"line":34,"column":21},"end":{"line":36,"column":65}},"20":{"start":{"line":37,"column":4},"end":{"line":40,"column":7}},"21":{"start":{"line":38,"column":6},"end":{"line":39,"column":78}},"22":{"start":{"line":39,"column":8},"end":{"line":39,"column":78}},"23":{"start":{"line":43,"column":15},"end":{"line":70,"column":3}},"24":{"start":{"line":44,"column":19},"end":{"line":44,"column":66}},"25":{"start":{"line":45,"column":23},"end":{"line":45,"column":35}},"26":{"start":{"line":47,"column":25},"end":{"line":66,"column":5}},"27":{"start":{"line":68,"column":4},"end":{"line":68,"column":54}},"28":{"start":{"line":69,"column":4},"end":{"line":69,"column":18}},"29":{"start":{"line":72,"column":17},"end":{"line":105,"column":3}},"30":{"start":{"line":73,"column":19},"end":{"line":76,"column":28}},"31":{"start":{"line":78,"column":25},"end":{"line":97,"column":5}},"32":{"start":{"line":99,"column":4},"end":{"line":102,"column":13}},"33":{"start":{"line":103,"column":4},"end":{"line":103,"column":54}},"34":{"start":{"line":104,"column":4},"end":{"line":104,"column":18}},"35":{"start":{"line":107,"column":17},"end":{"line":116,"column":3}},"36":{"start":{"line":108,"column":4},"end":{"line":111,"column":13}},"37":{"start":{"line":112,"column":4},"end":{"line":115,"column":13}},"38":{"start":{"line":118,"column":2},"end":{"line":118,"column":59}}},"fnMap":{"0":{"name":"(anonymous_0)","decl":{"start":{"line":3,"column":17},"end":{"line":3,"column":18}},"loc":{"start":{"line":3,"column":24},"end":{"line":119,"column":1}},"line":3},"1":{"name":"(anonymous_1)","decl":{"start":{"line":4,"column":15},"end":{"line":4,"column":16}},"loc":{"start":{"line":4,"column":32},"end":{"line":9,"column":3}},"line":4},"2":{"name":"(anonymous_2)","decl":{"start":{"line":11,"column":18},"end":{"line":11,"column":19}},"loc":{"start":{"line":11,"column":35},"end":{"line":16,"column":3}},"line":11},"3":{"name":"(anonymous_3)","decl":{"start":{"line":18,"column":19},"end":{"line":18,"column":20}},"loc":{"start":{"line":18,"column":37},"end":{"line":41,"column":3}},"line":18},"4":{"name":"(anonymous_4)","decl":{"start":{"line":37,"column":21},"end":{"line":37,"column":22}},"loc":{"start":{"line":37,"column":28},"end":{"line":40,"column":5}},"line":37},"5":{"name":"(anonymous_5)","decl":{"start":{"line":43,"column":15},"end":{"line":43,"column":16}},"loc":{"start":{"line":43,"column":33},"end":{"line":70,"column":3}},"line":43},"6":{"name":"(anonymous_6)","decl":{"start":{"line":72,"column":17},"end":{"line":72,"column":18}},"loc":{"start":{"line":72,"column":41},"end":{"line":105,"column":3}},"line":72},"7":{"name":"(anonymous_7)","decl":{"start":{"line":107,"column":17},"end":{"line":107,"column":18}},"loc":{"start":{"line":107,"column":29},"end":{"line":116,"column":3}},"line":107}},"branchMap":{"0":{"loc":{"start":{"line":4,"column":16},"end":{"line":4,"column":27}},"type":"default-arg","locations":[{"start":{"line":4,"column":25},"end":{"line":4,"column":27}}],"line":4},"1":{"loc":{"start":{"line":11,"column":19},"end":{"line":11,"column":30}},"type":"default-arg","locations":[{"start":{"line":11,"column":28},"end":{"line":11,"column":30}}],"line":11},"2":{"loc":{"start":{"line":19,"column":4},"end":{"line":20,"column":71}},"type":"if","locations":[{"start":{"line":19,"column":4},"end":{"line":20,"column":71}},{"start":{"line":19,"column":4},"end":{"line":20,"column":71}}],"line":19},"3":{"loc":{"start":{"line":21,"column":4},"end":{"line":22,"column":67}},"type":"if","locations":[{"start":{"line":21,"column":4},"end":{"line":22,"column":67}},{"start":{"line":21,"column":4},"end":{"line":22,"column":67}}],"line":21},"4":{"loc":{"start":{"line":23,"column":4},"end":{"line":24,"column":66}},"type":"if","locations":[{"start":{"line":23,"column":4},"end":{"line":24,"column":66}},{"start":{"line":23,"column":4},"end":{"line":24,"column":66}}],"line":23},"5":{"loc":{"start":{"line":25,"column":4},"end":{"line":26,"column":77}},"type":"if","locations":[{"start":{"line":25,"column":4},"end":{"line":26,"column":77}},{"start":{"line":25,"column":4},"end":{"line":26,"column":77}}],"line":25},"6":{"loc":{"start":{"line":27,"column":4},"end":{"line":28,"column":78}},"type":"if","locations":[{"start":{"line":27,"column":4},"end":{"line":28,"column":78}},{"start":{"line":27,"column":4},"end":{"line":28,"column":78}}],"line":27},"7":{"loc":{"start":{"line":29,"column":4},"end":{"line":32,"column":8}},"type":"if","locations":[{"start":{"line":29,"column":4},"end":{"line":32,"column":8}},{"start":{"line":29,"column":4},"end":{"line":32,"column":8}}],"line":29},"8":{"loc":{"start":{"line":38,"column":6},"end":{"line":39,"column":78}},"type":"if","locations":[{"start":{"line":38,"column":6},"end":{"line":39,"column":78}},{"start":{"line":38,"column":6},"end":{"line":39,"column":78}}],"line":38}},"s":{"0":7,"1":7,"2":7,"3":1,"4":7,"5":12,"6":7,"7":18,"8":2,"9":16,"10":2,"11":14,"12":2,"13":12,"14":2,"15":10,"16":2,"17":8,"18":2,"19":6,"20":6,"21":12,"22":2,"23":7,"24":3,"25":3,"26":3,"27":3,"28":3,"29":7,"30":1,"31":1,"32":1,"33":1,"34":1,"35":7,"36":1,"37":1,"38":7},"f":{"0":7,"1":1,"2":12,"3":18,"4":12,"5":3,"6":1,"7":1},"b":{"0":[0],"1":[0],"2":[2,16],"3":[2,14],"4":[2,12],"5":[2,10],"6":[2,8],"7":[2,6],"8":[2,10]},"_coverageSchema":"332fd63041d2c1bcb487cc26dd0d5f7d97098a6c","hash":"a327144e01c93e9c6c83f973e88ee631e76ccb07"}
,"C:\\sbanco\\src\\services\\user.js": {"path":"C:\\sbanco\\src\\services\\user.js","statementMap":{"0":{"start":{"line":1,"column":15},"end":{"line":1,"column":39}},"1":{"start":{"line":2,"column":24},"end":{"line":2,"column":60}},"2":{"start":{"line":4,"column":0},"end":{"line":38,"column":2}},"3":{"start":{"line":5,"column":18},"end":{"line":7,"column":3}},"4":{"start":{"line":6,"column":4},"end":{"line":6,"column":58}},"5":{"start":{"line":9,"column":18},"end":{"line":14,"column":3}},"6":{"start":{"line":10,"column":4},"end":{"line":13,"column":15}},"7":{"start":{"line":16,"column":24},"end":{"line":19,"column":3}},"8":{"start":{"line":17,"column":17},"end":{"line":17,"column":39}},"9":{"start":{"line":18,"column":4},"end":{"line":18,"column":41}},"10":{"start":{"line":21,"column":15},"end":{"line":35,"column":3}},"11":{"start":{"line":22,"column":4},"end":{"line":22,"column":80}},"12":{"start":{"line":22,"column":20},"end":{"line":22,"column":80}},"13":{"start":{"line":23,"column":4},"end":{"line":24,"column":67}},"14":{"start":{"line":24,"column":6},"end":{"line":24,"column":67}},"15":{"start":{"line":25,"column":4},"end":{"line":26,"column":67}},"16":{"start":{"line":26,"column":6},"end":{"line":26,"column":67}},"17":{"start":{"line":28,"column":19},"end":{"line":28,"column":53}},"18":{"start":{"line":29,"column":4},"end":{"line":30,"column":71}},"19":{"start":{"line":30,"column":6},"end":{"line":30,"column":71}},"20":{"start":{"line":32,"column":20},"end":{"line":32,"column":31}},"21":{"start":{"line":33,"column":4},"end":{"line":33,"column":48}},"22":{"start":{"line":34,"column":4},"end":{"line":34,"column":67}},"23":{"start":{"line":37,"column":2},"end":{"line":37,"column":36}}},"fnMap":{"0":{"name":"(anonymous_0)","decl":{"start":{"line":4,"column":17},"end":{"line":4,"column":18}},"loc":{"start":{"line":4,"column":24},"end":{"line":38,"column":1}},"line":4},"1":{"name":"(anonymous_1)","decl":{"start":{"line":5,"column":18},"end":{"line":5,"column":19}},"loc":{"start":{"line":5,"column":24},"end":{"line":7,"column":3}},"line":5},"2":{"name":"(anonymous_2)","decl":{"start":{"line":9,"column":18},"end":{"line":9,"column":19}},"loc":{"start":{"line":9,"column":35},"end":{"line":14,"column":3}},"line":9},"3":{"name":"(anonymous_3)","decl":{"start":{"line":16,"column":24},"end":{"line":16,"column":25}},"loc":{"start":{"line":16,"column":34},"end":{"line":19,"column":3}},"line":16},"4":{"name":"(anonymous_4)","decl":{"start":{"line":21,"column":15},"end":{"line":21,"column":16}},"loc":{"start":{"line":21,"column":29},"end":{"line":35,"column":3}},"line":21}},"branchMap":{"0":{"loc":{"start":{"line":9,"column":19},"end":{"line":9,"column":30}},"type":"default-arg","locations":[{"start":{"line":9,"column":28},"end":{"line":9,"column":30}}],"line":9},"1":{"loc":{"start":{"line":22,"column":4},"end":{"line":22,"column":80}},"type":"if","locations":[{"start":{"line":22,"column":4},"end":{"line":22,"column":80}},{"start":{"line":22,"column":4},"end":{"line":22,"column":80}}],"line":22},"2":{"loc":{"start":{"line":23,"column":4},"end":{"line":24,"column":67}},"type":"if","locations":[{"start":{"line":23,"column":4},"end":{"line":24,"column":67}},{"start":{"line":23,"column":4},"end":{"line":24,"column":67}}],"line":23},"3":{"loc":{"start":{"line":25,"column":4},"end":{"line":26,"column":67}},"type":"if","locations":[{"start":{"line":25,"column":4},"end":{"line":26,"column":67}},{"start":{"line":25,"column":4},"end":{"line":26,"column":67}}],"line":25},"4":{"loc":{"start":{"line":29,"column":4},"end":{"line":30,"column":71}},"type":"if","locations":[{"start":{"line":29,"column":4},"end":{"line":30,"column":71}},{"start":{"line":29,"column":4},"end":{"line":30,"column":71}}],"line":29}},"s":{"0":7,"1":7,"2":7,"3":7,"4":1,"5":7,"6":84,"7":7,"8":8,"9":8,"10":7,"11":12,"12":1,"13":11,"14":1,"15":10,"16":1,"17":9,"18":9,"19":1,"20":8,"21":8,"22":8,"23":7},"f":{"0":7,"1":1,"2":84,"3":8,"4":12},"b":{"0":[0],"1":[1,11],"2":[1,10],"3":[1,9],"4":[1,8]},"_coverageSchema":"332fd63041d2c1bcb487cc26dd0d5f7d97098a6c","hash":"811c75d9483e40c9a9c1e17ac84cc4778edce544"}
}
