TN:
SF:C:\sbanco\knexfile.js
FNF:0
FNH:0
DA:1,7
LF:1
LH:1
BRF:0
BRH:0
end_of_record
TN:
SF:C:\sbanco\src\app.js
FN:38,(anonymous_0)
FN:42,(anonymous_1)
FNF:2
FNH:2
FNDA:1,(anonymous_0)
FNDA:34,(anonymous_1)
DA:1,7
DA:2,7
DA:3,7
DA:4,7
DA:5,7
DA:7,7
DA:9,7
DA:11,7
DA:28,7
DA:30,7
DA:38,7
DA:39,1
DA:42,7
DA:43,34
DA:44,34
DA:45,5
DA:46,5
DA:48,0
DA:50,0
DA:51,0
DA:53,34
DA:68,7
LF:22
LH:19
BRDA:44,0,0,29
BRDA:44,0,1,5
BRDA:45,1,0,5
BRDA:45,1,1,0
BRF:4
BRH:3
end_of_record
TN:
SF:C:\sbanco\src\config\middlewares.js
FN:5,(anonymous_0)
FNF:1
FNH:1
FNDA:7,(anonymous_0)
DA:1,7
DA:3,7
DA:5,7
DA:6,7
DA:8,7
LF:5
LH:5
BRF:0
BRH:0
end_of_record
TN:
SF:C:\sbanco\src\config\passport.js
FN:8,(anonymous_0)
FN:14,(anonymous_1)
FN:17,(anonymous_2)
FN:21,(anonymous_3)
FN:27,(anonymous_4)
FNF:5
FNH:4
FNDA:7,(anonymous_0)
FNDA:71,(anonymous_1)
FNDA:71,(anonymous_2)
FNDA:0,(anonymous_3)
FNDA:7,(anonymous_4)
DA:1,7
DA:2,7
DA:4,7
DA:6,7
DA:8,7
DA:9,7
DA:14,7
DA:15,71
DA:18,71
DA:19,0
DA:21,0
DA:24,7
DA:26,7
DA:27,7
LF:14
LH:12
BRDA:18,0,0,71
BRDA:18,0,1,0
BRF:2
BRH:1
end_of_record
TN:
SF:C:\sbanco\src\config\router.js
FN:3,(anonymous_0)
FNF:1
FNH:1
FNDA:7,(anonymous_0)
DA:1,7
DA:3,7
DA:4,7
DA:5,7
DA:7,7
DA:8,7
DA:9,7
DA:10,7
DA:11,7
DA:13,7
LF:10
LH:10
BRF:0
BRH:0
end_of_record
TN:
SF:C:\sbanco\src\errors\RecursoIndevidoError.js
FN:1,RecursoIndevidoError
FNF:1
FNH:1
FNDA:5,RecursoIndevidoError
DA:1,7
DA:4,5
DA:5,5
LF:3
LH:3
BRDA:2,0,0,5
BRF:1
BRH:1
end_of_record
TN:
SF:C:\sbanco\src\errors\ValidationError.js
FN:1,ValidationError
FNF:1
FNH:1
FNDA:29,ValidationError
DA:1,7
DA:2,29
DA:3,29
LF:3
LH:3
BRF:0
BRH:0
end_of_record
TN:
SF:C:\sbanco\src\routes\accounts.js
FN:4,(anonymous_0)
FN:7,(anonymous_1)
FN:10,(anonymous_2)
FN:14,(anonymous_3)
FN:17,(anonymous_4)
FN:20,(anonymous_5)
FN:23,(anonymous_6)
FN:26,(anonymous_7)
FN:29,(anonymous_8)
FN:30,(anonymous_9)
FN:33,(anonymous_10)
FN:36,(anonymous_11)
FN:37,(anonymous_12)
FN:40,(anonymous_13)
FN:43,(anonymous_14)
FN:44,(anonymous_15)
FN:47,(anonymous_16)
FN:50,(anonymous_17)
FN:51,(anonymous_18)
FNF:19
FNH:16
FNDA:7,(anonymous_0)
FNDA:7,(anonymous_1)
FNDA:7,(anonymous_2)
FNDA:3,(anonymous_3)
FNDA:3,(anonymous_4)
FNDA:1,(anonymous_5)
FNDA:2,(anonymous_6)
FNDA:1,(anonymous_7)
FNDA:1,(anonymous_8)
FNDA:0,(anonymous_9)
FNDA:1,(anonymous_10)
FNDA:1,(anonymous_11)
FNDA:0,(anonymous_12)
FNDA:1,(anonymous_13)
FNDA:1,(anonymous_14)
FNDA:0,(anonymous_15)
FNDA:2,(anonymous_16)
FNDA:1,(anonymous_17)
FNDA:1,(anonymous_18)
DA:1,7
DA:2,7
DA:4,7
DA:5,7
DA:7,7
DA:8,7
DA:11,7
DA:12,4
DA:14,3
DA:17,7
DA:18,3
DA:21,1
DA:23,2
DA:26,7
DA:27,1
DA:29,1
DA:30,0
DA:33,7
DA:34,1
DA:36,1
DA:37,0
DA:40,7
DA:41,1
DA:43,1
DA:44,0
DA:47,7
DA:48,2
DA:50,1
DA:51,1
DA:54,7
LF:30
LH:27
BRDA:11,0,0,3
BRDA:11,0,1,4
BRF:2
BRH:2
end_of_record
TN:
SF:C:\sbanco\src\routes\auth.js
FN:7,(anonymous_0)
FN:10,(anonymous_1)
FN:13,(anonymous_2)
FN:25,(anonymous_3)
FN:28,(anonymous_4)
FNF:5
FNH:5
FNDA:7,(anonymous_0)
FNDA:3,(anonymous_1)
FNDA:3,(anonymous_2)
FNDA:2,(anonymous_3)
FNDA:1,(anonymous_4)
DA:1,7
DA:2,7
DA:3,7
DA:4,7
DA:5,7
DA:7,7
DA:8,7
DA:10,7
DA:11,3
DA:14,3
DA:15,2
DA:16,1
DA:21,1
DA:22,1
DA:23,1
DA:25,2
DA:28,7
DA:29,1
DA:30,1
DA:31,1
DA:33,0
DA:37,7
LF:22
LH:21
BRDA:14,0,0,1
BRDA:14,0,1,2
BRDA:15,1,0,1
BRDA:15,1,1,1
BRF:4
BRH:4
end_of_record
TN:
SF:C:\sbanco\src\routes\balance.js
FN:3,(anonymous_0)
FN:6,(anonymous_1)
FN:9,(anonymous_2)
FN:10,(anonymous_3)
FNF:4
FNH:3
FNDA:7,(anonymous_0)
FNDA:10,(anonymous_1)
FNDA:10,(anonymous_2)
FNDA:0,(anonymous_3)
DA:1,7
DA:3,7
DA:4,7
DA:6,7
DA:7,10
DA:9,10
DA:10,0
DA:13,7
LF:8
LH:7
BRF:0
BRH:0
end_of_record
TN:
SF:C:\sbanco\src\routes\transactions.js
FN:4,(anonymous_0)
FN:7,(anonymous_1)
FN:10,(anonymous_2)
FN:14,(anonymous_3)
FN:17,(anonymous_4)
FN:20,(anonymous_5)
FN:21,(anonymous_6)
FN:24,(anonymous_7)
FN:27,(anonymous_8)
FN:28,(anonymous_9)
FN:31,(anonymous_10)
FN:34,(anonymous_11)
FN:35,(anonymous_12)
FN:38,(anonymous_13)
FN:41,(anonymous_14)
FN:42,(anonymous_15)
FN:45,(anonymous_16)
FN:48,(anonymous_17)
FN:49,(anonymous_18)
FNF:19
FNH:14
FNDA:7,(anonymous_0)
FNDA:4,(anonymous_1)
FNDA:4,(anonymous_2)
FNDA:1,(anonymous_3)
FNDA:1,(anonymous_4)
FNDA:1,(anonymous_5)
FNDA:0,(anonymous_6)
FNDA:16,(anonymous_7)
FNDA:10,(anonymous_8)
FNDA:0,(anonymous_9)
FNDA:1,(anonymous_10)
FNDA:1,(anonymous_11)
FNDA:0,(anonymous_12)
FNDA:1,(anonymous_13)
FNDA:1,(anonymous_14)
FNDA:0,(anonymous_15)
FNDA:1,(anonymous_16)
FNDA:1,(anonymous_17)
FNDA:0,(anonymous_18)
DA:1,7
DA:2,7
DA:4,7
DA:5,7
DA:7,7
DA:8,4
DA:11,4
DA:12,1
DA:14,1
DA:17,7
DA:18,1
DA:20,1
DA:21,0
DA:24,7
DA:25,16
DA:27,10
DA:28,0
DA:31,7
DA:32,1
DA:34,1
DA:35,0
DA:38,7
DA:39,1
DA:41,1
DA:42,0
DA:45,7
DA:46,1
DA:48,1
DA:49,0
DA:52,7
LF:30
LH:25
BRDA:11,0,0,3
BRDA:11,0,1,1
BRF:2
BRH:2
end_of_record
TN:
SF:C:\sbanco\src\routes\transfers.js
FN:4,(anonymous_0)
FN:7,(anonymous_1)
FN:10,(anonymous_2)
FN:14,(anonymous_3)
FN:17,(anonymous_4)
FN:20,(anonymous_5)
FN:21,(anonymous_6)
FN:24,(anonymous_7)
FN:27,(anonymous_8)
FN:28,(anonymous_9)
FN:31,(anonymous_10)
FN:35,(anonymous_11)
FN:36,(anonymous_12)
FN:39,(anonymous_13)
FN:42,(anonymous_14)
FN:43,(anonymous_15)
FN:46,(anonymous_16)
FN:49,(anonymous_17)
FN:50,(anonymous_18)
FN:53,(anonymous_19)
FN:56,(anonymous_20)
FN:57,(anonymous_21)
FNF:22
FNH:17
FNDA:7,(anonymous_0)
FNDA:11,(anonymous_1)
FNDA:11,(anonymous_2)
FNDA:1,(anonymous_3)
FNDA:18,(anonymous_4)
FNDA:4,(anonymous_5)
FNDA:14,(anonymous_6)
FNDA:1,(anonymous_7)
FNDA:1,(anonymous_8)
FNDA:0,(anonymous_9)
FNDA:3,(anonymous_10)
FNDA:3,(anonymous_11)
FNDA:0,(anonymous_12)
FNDA:1,(anonymous_13)
FNDA:1,(anonymous_14)
FNDA:0,(anonymous_15)
FNDA:1,(anonymous_16)
FNDA:1,(anonymous_17)
FNDA:0,(anonymous_18)
FNDA:1,(anonymous_19)
FNDA:1,(anonymous_20)
FNDA:0,(anonymous_21)
DA:1,7
DA:2,7
DA:4,7
DA:5,7
DA:7,7
DA:8,11
DA:11,11
DA:12,10
DA:14,1
DA:17,7
DA:18,18
DA:20,4
DA:21,14
DA:24,7
DA:25,1
DA:27,1
DA:28,0
DA:31,7
DA:32,3
DA:33,3
DA:35,3
DA:36,0
DA:39,7
DA:40,1
DA:42,1
DA:43,0
DA:46,7
DA:47,1
DA:49,1
DA:50,0
DA:53,7
DA:54,1
DA:56,1
DA:57,0
DA:60,7
LF:35
LH:30
BRDA:11,0,0,1
BRDA:11,0,1,10
BRF:2
BRH:2
end_of_record
TN:
SF:C:\sbanco\src\routes\users.js
FN:3,(anonymous_0)
FN:6,(anonymous_1)
FN:9,(anonymous_2)
FN:10,(anonymous_3)
FN:13,(anonymous_4)
FNF:5
FNH:4
FNDA:7,(anonymous_0)
FNDA:1,(anonymous_1)
FNDA:1,(anonymous_2)
FNDA:0,(anonymous_3)
FNDA:6,(anonymous_4)
DA:1,7
DA:3,7
DA:4,7
DA:6,7
DA:7,1
DA:9,1
DA:10,0
DA:13,7
DA:14,6
DA:15,6
DA:16,2
DA:18,4
DA:22,7
LF:13
LH:12
BRF:0
BRH:0
end_of_record
TN:
SF:C:\sbanco\src\seeds\01_transfer.js
FN:1,(anonymous_0)
FN:4,(anonymous_1)
FN:5,(anonymous_2)
FN:6,(anonymous_3)
FN:7,(anonymous_4)
FN:23,(anonymous_5)
FN:31,(anonymous_6)
FN:53,(anonymous_7)
FNF:8
FNH:8
FNDA:2,(anonymous_0)
FNDA:2,(anonymous_1)
FNDA:2,(anonymous_2)
FNDA:2,(anonymous_3)
FNDA:2,(anonymous_4)
FNDA:2,(anonymous_5)
FNDA:2,(anonymous_6)
FNDA:2,(anonymous_7)
DA:1,2
DA:2,2
DA:4,2
DA:5,2
DA:6,2
DA:8,2
DA:24,2
DA:32,2
DA:54,2
LF:9
LH:9
BRF:0
BRH:0
end_of_record
TN:
SF:C:\sbanco\src\seeds\02_balance.js
FN:3,(anonymous_0)
FN:26,(anonymous_1)
FN:36,(anonymous_2)
FN:58,(anonymous_3)
FNF:4
FNH:4
FNDA:2,(anonymous_0)
FNDA:2,(anonymous_1)
FNDA:2,(anonymous_2)
FNDA:2,(anonymous_3)
DA:1,2
DA:3,2
DA:5,2
DA:27,2
DA:37,2
DA:59,2
LF:6
LH:6
BRF:0
BRH:0
end_of_record
TN:
SF:C:\sbanco\src\services\account.js
FN:3,(anonymous_0)
FN:4,(anonymous_1)
FN:8,(anonymous_2)
FN:15,(anonymous_3)
FN:25,(anonymous_4)
FN:32,(anonymous_5)
FNF:6
FNH:6
FNDA:7,(anonymous_0)
FNDA:1,(anonymous_1)
FNDA:10,(anonymous_2)
FNDA:3,(anonymous_3)
FNDA:1,(anonymous_4)
FNDA:2,(anonymous_5)
DA:1,7
DA:3,7
DA:4,7
DA:5,1
DA:8,7
DA:9,10
DA:15,7
DA:16,3
DA:17,1
DA:19,2
DA:20,2
DA:22,1
DA:25,7
DA:26,1
DA:32,7
DA:33,2
DA:34,2
DA:35,1
DA:37,1
DA:43,7
LF:20
LH:20
BRDA:8,0,0,0
BRDA:16,1,0,1
BRDA:16,1,1,2
BRDA:20,2,0,1
BRDA:20,2,1,1
BRDA:34,3,0,1
BRDA:34,3,1,1
BRF:7
BRH:6
end_of_record
TN:
SF:C:\sbanco\src\services\balance.js
FN:1,(anonymous_0)
FN:2,(anonymous_1)
FNF:2
FNH:2
FNDA:7,(anonymous_0)
FNDA:10,(anonymous_1)
DA:1,7
DA:2,7
DA:3,10
DA:14,7
LF:4
LH:4
BRF:0
BRH:0
end_of_record
TN:
SF:C:\sbanco\src\services\transaction.js
FN:3,(anonymous_0)
FN:4,(anonymous_1)
FN:13,(anonymous_2)
FN:20,(anonymous_3)
FN:45,(anonymous_4)
FN:52,(anonymous_5)
FNF:6
FNH:6
FNDA:7,(anonymous_0)
FNDA:5,(anonymous_1)
FNDA:3,(anonymous_2)
FNDA:16,(anonymous_3)
FNDA:1,(anonymous_4)
FNDA:1,(anonymous_5)
DA:1,7
DA:3,7
DA:4,7
DA:5,5
DA:13,7
DA:14,3
DA:20,7
DA:21,16
DA:22,1
DA:23,15
DA:24,1
DA:25,14
DA:26,1
DA:27,13
DA:28,1
DA:29,12
DA:30,1
DA:31,11
DA:32,1
DA:34,10
DA:35,10
DA:39,5
DA:42,10
DA:45,7
DA:46,1
DA:52,7
DA:53,1
DA:59,7
LF:28
LH:28
BRDA:4,0,0,1
BRDA:21,1,0,1
BRDA:21,1,1,15
BRDA:23,2,0,1
BRDA:23,2,1,14
BRDA:25,3,0,1
BRDA:25,3,1,13
BRDA:27,4,0,1
BRDA:27,4,1,12
BRDA:29,5,0,1
BRDA:29,5,1,11
BRDA:31,6,0,1
BRDA:31,6,1,10
BRDA:31,7,0,11
BRDA:31,7,1,5
BRDA:35,8,0,5
BRDA:35,8,1,5
BRDA:36,9,0,10
BRDA:36,9,1,6
BRDA:36,9,2,9
BRDA:36,9,3,4
BRF:21
BRH:21
end_of_record
TN:
SF:C:\sbanco\src\services\transfer.js
FN:3,(anonymous_0)
FN:4,(anonymous_1)
FN:11,(anonymous_2)
FN:18,(anonymous_3)
FN:37,(anonymous_4)
FN:43,(anonymous_5)
FN:72,(anonymous_6)
FN:107,(anonymous_7)
FNF:8
FNH:8
FNDA:7,(anonymous_0)
FNDA:1,(anonymous_1)
FNDA:12,(anonymous_2)
FNDA:18,(anonymous_3)
FNDA:12,(anonymous_4)
FNDA:3,(anonymous_5)
FNDA:1,(anonymous_6)
FNDA:1,(anonymous_7)
DA:1,7
DA:3,7
DA:4,7
DA:5,1
DA:11,7
DA:12,12
DA:18,7
DA:19,18
DA:20,2
DA:21,16
DA:22,2
DA:23,14
DA:24,2
DA:25,12
DA:26,2
DA:27,10
DA:28,2
DA:29,8
DA:30,2
DA:34,6
DA:37,6
DA:38,12
DA:39,2
DA:43,7
DA:44,3
DA:45,3
DA:47,3
DA:68,3
DA:69,3
DA:72,7
DA:73,1
DA:78,1
DA:99,1
DA:103,1
DA:104,1
DA:107,7
DA:108,1
DA:112,1
DA:118,7
LF:39
LH:39
BRDA:4,0,0,0
BRDA:11,1,0,0
BRDA:19,2,0,2
BRDA:19,2,1,16
BRDA:21,3,0,2
BRDA:21,3,1,14
BRDA:23,4,0,2
BRDA:23,4,1,12
BRDA:25,5,0,2
BRDA:25,5,1,10
BRDA:27,6,0,2
BRDA:27,6,1,8
BRDA:29,7,0,2
BRDA:29,7,1,6
BRDA:38,8,0,2
BRDA:38,8,1,10
BRF:16
BRH:14
end_of_record
TN:
SF:C:\sbanco\src\services\user.js
FN:4,(anonymous_0)
FN:5,(anonymous_1)
FN:9,(anonymous_2)
FN:16,(anonymous_3)
FN:21,(anonymous_4)
FNF:5
FNH:5
FNDA:7,(anonymous_0)
FNDA:1,(anonymous_1)
FNDA:84,(anonymous_2)
FNDA:8,(anonymous_3)
FNDA:12,(anonymous_4)
DA:1,7
DA:2,7
DA:4,7
DA:5,7
DA:6,1
DA:9,7
DA:10,84
DA:16,7
DA:17,8
DA:18,8
DA:21,7
DA:22,12
DA:23,11
DA:24,1
DA:25,10
DA:26,1
DA:28,9
DA:29,9
DA:30,1
DA:32,8
DA:33,8
DA:34,8
DA:37,7
LF:23
LH:23
BRDA:9,0,0,0
BRDA:22,1,0,1
BRDA:22,1,1,11
BRDA:23,2,0,1
BRDA:23,2,1,10
BRDA:25,3,0,1
BRDA:25,3,1,9
BRDA:29,4,0,1
BRDA:29,4,1,8
BRF:9
BRH:8
end_of_record
